<?xml version="1.0" encoding="UTF-8"?>
<testng-results ignored="0" total="1" passed="0" failed="1" skipped="0">
  <reporter-output>
  </reporter-output>
  <suite started-at="2021-06-09T16:46:32 IST" name="Default suite" finished-at="2021-06-09T16:46:44 IST" duration-ms="11593">
    <groups>
      <group name="cucumber">
        <method signature="AbstractTestNGCucumberTests.runScenario(io.cucumber.testng.PickleWrapper,io.cucumber.testng.FeatureWrapper)[pri:0, instance:runner.testRunner@d2de489]" name="runScenario" class="io.cucumber.testng.AbstractTestNGCucumberTests"/>
      </group> <!-- cucumber -->
    </groups>
    <test started-at="2021-06-09T16:46:32 IST" name="Default test" finished-at="2021-06-09T16:46:44 IST" duration-ms="11593">
      <class name="runner.testRunner">
        <test-method is-config="true" signature="setUpClass()[pri:0, instance:runner.testRunner@d2de489]" started-at="2021-06-09T16:46:32 IST" name="setUpClass" finished-at="2021-06-09T16:46:33 IST" duration-ms="468" status="PASS">
          <reporter-output>
          </reporter-output>
        </test-method> <!-- setUpClass -->
        <test-method signature="runScenario(io.cucumber.testng.PickleWrapper,io.cucumber.testng.FeatureWrapper)[pri:0, instance:runner.testRunner@d2de489]" started-at="2021-06-09T16:46:33 IST" name="runScenario" description="Runs Cucumber Scenarios" data-provider="scenarios" finished-at="2021-06-09T16:46:44 IST" duration-ms="11036" status="FAIL">
          <params>
            <param index="0">
              <value>
                <![CDATA["Checking able to logging into application"]]>
              </value>
            </param>
            <param index="1">
              <value>
                <![CDATA["Optional[Application login]"]]>
              </value>
            </param>
          </params>
          <exception class="io.cucumber.testng.UndefinedStepException">
            <message>
              <![CDATA[The step 'user should enter the mngr331788 and tYvEjAv' is undefined.
You can implement this step using the snippet(s) below:

@When("user should enter the mngr331788 and tYvEjAv")
public void user_should_enter_the_mngr331788_and_t_yv_ej_av() {
    // Write code here that turns the phrase above into concrete actions
    throw new io.cucumber.java.PendingException();
}
When("user should enter the mngr331788 and tYvEjAv", () -> {
    // Write code here that turns the phrase above into concrete actions
    throw new io.cucumber.java8.PendingException();
});
]]>
            </message>
            <full-stacktrace>
              <![CDATA[io.cucumber.testng.UndefinedStepException: The step 'user should enter the mngr331788 and tYvEjAv' is undefined.
You can implement this step using the snippet(s) below:

@When("user should enter the mngr331788 and tYvEjAv")
public void user_should_enter_the_mngr331788_and_t_yv_ej_av() {
    // Write code here that turns the phrase above into concrete actions
    throw new io.cucumber.java.PendingException();
}
When("user should enter the mngr331788 and tYvEjAv", () -> {
    // Write code here that turns the phrase above into concrete actions
    throw new io.cucumber.java8.PendingException();
});

at io.cucumber.core.runtime.TestCaseResultObserver.assertTestCasePassed(TestCaseResultObserver.java:69)
at io.cucumber.testng.TestCaseResultObserver.assertTestCasePassed(TestCaseResultObserver.java:23)
at io.cucumber.testng.TestNGCucumberRunner.lambda$runScenario$0(TestNGCucumberRunner.java:118)
at io.cucumber.core.runtime.CucumberExecutionContext.runTestCase(CucumberExecutionContext.java:117)
at io.cucumber.testng.TestNGCucumberRunner.runScenario(TestNGCucumberRunner.java:114)
at io.cucumber.testng.AbstractTestNGCucumberTests.runScenario(AbstractTestNGCucumberTests.java:31)
at java.base/jdk.internal.reflect.NativeMethodAccessorImpl.invoke0(Native Method)
at java.base/jdk.internal.reflect.NativeMethodAccessorImpl.invoke(NativeMethodAccessorImpl.java:64)
at java.base/jdk.internal.reflect.DelegatingMethodAccessorImpl.invoke(DelegatingMethodAccessorImpl.java:43)
at java.base/java.lang.reflect.Method.invoke(Method.java:564)
at org.testng.internal.MethodInvocationHelper.invokeMethod(MethodInvocationHelper.java:133)
at org.testng.internal.TestInvoker.invokeMethod(TestInvoker.java:598)
at org.testng.internal.TestInvoker.invokeTestMethod(TestInvoker.java:173)
at org.testng.internal.MethodRunner.runInSequence(MethodRunner.java:46)
at org.testng.internal.TestInvoker$MethodInvocationAgent.invoke(TestInvoker.java:824)
at org.testng.internal.TestInvoker.invokeTestMethods(TestInvoker.java:146)
at org.testng.internal.TestMethodWorker.invokeTestMethods(TestMethodWorker.java:146)
at org.testng.internal.TestMethodWorker.run(TestMethodWorker.java:128)
at java.base/java.util.ArrayList.forEach(ArrayList.java:1511)
at org.testng.TestRunner.privateRun(TestRunner.java:794)
at org.testng.TestRunner.run(TestRunner.java:596)
at org.testng.SuiteRunner.runTest(SuiteRunner.java:377)
at org.testng.SuiteRunner.runSequentially(SuiteRunner.java:371)
at org.testng.SuiteRunner.privateRun(SuiteRunner.java:332)
at org.testng.SuiteRunner.run(SuiteRunner.java:276)
at org.testng.SuiteRunnerWorker.runSuite(SuiteRunnerWorker.java:53)
at org.testng.SuiteRunnerWorker.run(SuiteRunnerWorker.java:96)
at org.testng.TestNG.runSuitesSequentially(TestNG.java:1212)
at org.testng.TestNG.runSuitesLocally(TestNG.java:1134)
at org.testng.TestNG.runSuites(TestNG.java:1063)
at org.testng.TestNG.run(TestNG.java:1031)
at org.testng.remote.AbstractRemoteTestNG.run(AbstractRemoteTestNG.java:115)
at org.testng.remote.RemoteTestNG.initAndRun(RemoteTestNG.java:251)
at org.testng.remote.RemoteTestNG.main(RemoteTestNG.java:77)
]]>
            </full-stacktrace>
          </exception> <!-- io.cucumber.testng.UndefinedStepException -->
          <reporter-output>
          </reporter-output>
        </test-method> <!-- runScenario -->
        <test-method is-config="true" signature="tearDownClass()[pri:0, instance:runner.testRunner@d2de489]" started-at="2021-06-09T16:46:44 IST" name="tearDownClass" finished-at="2021-06-09T16:46:44 IST" duration-ms="21" status="PASS">
          <reporter-output>
          </reporter-output>
        </test-method> <!-- tearDownClass -->
      </class> <!-- runner.testRunner -->
    </test> <!-- Default test -->
  </suite> <!-- Default suite -->
</testng-results>
